Using pre-set license

 COMMAND LINE ARGUMENTS:
/Applications/Unity/2020.2.1f1/Unity.app/Contents/MacOS/Unity
-adb2
-batchMode
-noUpm
-name
AssetImportWorker2
-projectPath
/Users/saszendrix/Documents/GitHub/Package Factory
-logFile
Logs/AssetImportWorker2.log
-srvPort
56644
Successfully changed project path to: /Users/saszendrix/Documents/GitHub/Package Factory
/Users/saszendrix/Documents/GitHub/Package Factory
Using Asset Import Pipeline V2.
Refreshing native plugins compatible for Editor in 42.65 ms, found 2 plugins.
Preloading 0 native plugins for Editor in 0.00 ms.
Initialize engine version: 2020.2.1f1 (270dd8c3da1c)
[Subsystems] Discovering subsystems at path /Applications/Unity/2020.2.1f1/Unity.app/Contents/Resources/UnitySubsystems
[Subsystems] Discovering subsystems at path /Users/saszendrix/Documents/GitHub/Package Factory/Assets
GfxDevice: creating device client; threaded=0
2021-10-17 03:08:03.085 Unity[83970:1343014] Color LCD preferred device: Intel Iris Pro Graphics (low power)
2021-10-17 03:08:03.086 Unity[83970:1343014] Metal devices available: 1
2021-10-17 03:08:03.086 Unity[83970:1343014] 0: Intel Iris Pro Graphics (low power)
2021-10-17 03:08:03.087 Unity[83970:1343014] Using device Intel Iris Pro Graphics (low power)
Initializing Metal device caps: Intel Iris Pro Graphics
Initialize mono
Mono path[0] = '/Applications/Unity/2020.2.1f1/Unity.app/Contents/Managed'
Mono path[1] = '/Applications/Unity/2020.2.1f1/Unity.app/Contents/MonoBleedingEdge/lib/mono/unityjit'
Mono config path = '/Applications/Unity/2020.2.1f1/Unity.app/Contents/MonoBleedingEdge/etc'
Using monoOptions --debugger-agent=transport=dt_socket,embedding=1,server=y,suspend=n,address=127.0.0.1:56970
Begin MonoManager ReloadAssembly
Registering precompiled unity dll's ...
Register platform support module: /Applications/Unity/2020.2.1f1/Unity.app/Contents/PlaybackEngines/MacStandaloneSupport/UnityEditor.OSXStandalone.Extensions.dll
Register platform support module: /Applications/Unity/2020.2.1f1/PlaybackEngines/WindowsStandaloneSupport/UnityEditor.WindowsStandalone.Extensions.dll
Registered in 0.000647 seconds.
Native extension for WindowsStandalone target not found
Native extension for OSXStandalone target not found
Refreshing native plugins compatible for Editor in 39.15 ms, found 2 plugins.
Preloading 0 native plugins for Editor in 0.00 ms.
Invoked RoslynAnalysisRunner static constructor.
RoslynAnalysisRunner will not be running.
RoslynAnalysisRunner has terminated.
Mono: successfully reloaded assembly
- Completed reload, in  3.485 seconds
Platform modules already initialized, skipping
Registering precompiled user dll's ...
Registered in 0.000539 seconds.
Begin MonoManager ReloadAssembly
Native extension for WindowsStandalone target not found
Native extension for OSXStandalone target not found
Refreshing native plugins compatible for Editor in 39.31 ms, found 2 plugins.
Preloading 0 native plugins for Editor in 0.00 ms.
Invoked RoslynAnalysisRunner static constructor.
RoslynAnalysisRunner will not be running.
RoslynAnalysisRunner has terminated.
Mono: successfully reloaded assembly
- Completed reload, in  1.180 seconds
Platform modules already initialized, skipping
========================================================================
Worker process is ready to serve import requests
Launching external process: /Applications/Unity/2020.2.1f1/Unity.app/Contents/Tools/UnityShaderCompiler
Launched and connected shader compiler UnityShaderCompiler after 0.04 seconds
Refreshing native plugins compatible for Editor in 0.41 ms, found 2 plugins.
Preloading 0 native plugins for Editor in 0.00 ms.
Unloading 1935 Unused Serialized files (Serialized files now loaded: 0)
System memory in use before: 149.7 MB.
System memory in use after: 149.7 MB.

Unloading 24 unused Assets to reduce memory usage. Loaded Objects now: 2378.
Total: 2.652710 ms (FindLiveObjects: 0.307704 ms CreateObjectMapping: 0.075917 ms MarkObjects: 2.132649 ms  DeleteObjects: 0.135520 ms)

========================================================================
Received Import Request.
  path: Assets/Scripts/A/Minimap/Prefabs/Pin.prefab
  artifactKey: Guid(0e6b8ea26741146bb83706b1a4b09884) Importer(815301076,1909f56bfc062723c751e8b465ee728b)
Start importing Assets/Scripts/A/Minimap/Prefabs/Pin.prefab using Guid(0e6b8ea26741146bb83706b1a4b09884) Importer(815301076,1909f56bfc062723c751e8b465ee728b)  -> (artifact id: '64c37aba6e123e06bc5ba7d8d4962b42') in 0.322131 seconds
  Import took 0.326234 seconds .

========================================================================
Received Prepare
Registering precompiled user dll's ...
Registered in 0.000544 seconds.
Begin MonoManager ReloadAssembly
Native extension for WindowsStandalone target not found
Native extension for OSXStandalone target not found
Refreshing native plugins compatible for Editor in 0.51 ms, found 2 plugins.
Preloading 0 native plugins for Editor in 0.00 ms.
Invoked RoslynAnalysisRunner static constructor.
RoslynAnalysisRunner will not be running.
RoslynAnalysisRunner has terminated.
Mono: successfully reloaded assembly
- Completed reload, in  1.168 seconds
Platform modules already initialized, skipping
Refreshing native plugins compatible for Editor in 0.41 ms, found 2 plugins.
Preloading 0 native plugins for Editor in 0.00 ms.
Unloading 1930 Unused Serialized files (Serialized files now loaded: 0)
System memory in use before: 154.5 MB.
System memory in use after: 154.5 MB.

Unloading 13 unused Assets to reduce memory usage. Loaded Objects now: 2381.
Total: 2.859245 ms (FindLiveObjects: 0.299911 ms CreateObjectMapping: 0.148741 ms MarkObjects: 2.266412 ms  DeleteObjects: 0.143336 ms)

========================================================================
Received Prepare
Registering precompiled user dll's ...
Registered in 0.000619 seconds.
Begin MonoManager ReloadAssembly
Native extension for WindowsStandalone target not found
Native extension for OSXStandalone target not found
Refreshing native plugins compatible for Editor in 0.42 ms, found 2 plugins.
Preloading 0 native plugins for Editor in 0.00 ms.
Invoked RoslynAnalysisRunner static constructor.
RoslynAnalysisRunner will not be running.
RoslynAnalysisRunner has terminated.
Mono: successfully reloaded assembly
- Completed reload, in  1.129 seconds
Platform modules already initialized, skipping
Refreshing native plugins compatible for Editor in 0.39 ms, found 2 plugins.
Preloading 0 native plugins for Editor in 0.00 ms.
Unloading 1930 Unused Serialized files (Serialized files now loaded: 0)
System memory in use before: 154.9 MB.
System memory in use after: 154.8 MB.

Unloading 12 unused Assets to reduce memory usage. Loaded Objects now: 2384.
Total: 2.880711 ms (FindLiveObjects: 0.314210 ms CreateObjectMapping: 0.095334 ms MarkObjects: 2.332861 ms  DeleteObjects: 0.134412 ms)

========================================================================
Received Prepare
Registering precompiled user dll's ...
Registered in 0.000644 seconds.
Begin MonoManager ReloadAssembly
Native extension for WindowsStandalone target not found
Native extension for OSXStandalone target not found
Refreshing native plugins compatible for Editor in 0.44 ms, found 2 plugins.
Preloading 0 native plugins for Editor in 0.00 ms.
Invoked RoslynAnalysisRunner static constructor.
RoslynAnalysisRunner will not be running.
RoslynAnalysisRunner has terminated.
Mono: successfully reloaded assembly
- Completed reload, in  1.118 seconds
Platform modules already initialized, skipping
Refreshing native plugins compatible for Editor in 0.40 ms, found 2 plugins.
Preloading 0 native plugins for Editor in 0.00 ms.
Unloading 1930 Unused Serialized files (Serialized files now loaded: 0)
System memory in use before: 155.2 MB.
System memory in use after: 155.2 MB.

Unloading 12 unused Assets to reduce memory usage. Loaded Objects now: 2387.
Total: 2.591932 ms (FindLiveObjects: 0.331532 ms CreateObjectMapping: 0.069083 ms MarkObjects: 2.085024 ms  DeleteObjects: 0.105093 ms)

========================================================================
Received Prepare
Registering precompiled user dll's ...
Registered in 0.000511 seconds.
Begin MonoManager ReloadAssembly
Native extension for WindowsStandalone target not found
Native extension for OSXStandalone target not found
Refreshing native plugins compatible for Editor in 0.43 ms, found 2 plugins.
Preloading 0 native plugins for Editor in 0.00 ms.
Invoked RoslynAnalysisRunner static constructor.
RoslynAnalysisRunner will not be running.
RoslynAnalysisRunner has terminated.
Mono: successfully reloaded assembly
- Completed reload, in  1.140 seconds
Platform modules already initialized, skipping
Refreshing native plugins compatible for Editor in 0.41 ms, found 2 plugins.
Preloading 0 native plugins for Editor in 0.00 ms.
Unloading 1930 Unused Serialized files (Serialized files now loaded: 0)
System memory in use before: 155.6 MB.
System memory in use after: 155.6 MB.

Unloading 12 unused Assets to reduce memory usage. Loaded Objects now: 2390.
Total: 3.040069 ms (FindLiveObjects: 0.361381 ms CreateObjectMapping: 0.098084 ms MarkObjects: 2.454438 ms  DeleteObjects: 0.124526 ms)

========================================================================
Received Import Request.
  Time since last request: 189.244606 seconds.
  path: Assets/Scripts/A/Minimap/Prefabs/Pin.prefab
  artifactKey: Guid(0e6b8ea26741146bb83706b1a4b09884) Importer(815301076,1909f56bfc062723c751e8b465ee728b)
Start importing Assets/Scripts/A/Minimap/Prefabs/Pin.prefab using Guid(0e6b8ea26741146bb83706b1a4b09884) Importer(815301076,1909f56bfc062723c751e8b465ee728b)  -> (artifact id: '124a5368fc574c1d1320e1c0f67033b2') in 0.036739 seconds
  Import took 0.040888 seconds .

========================================================================
Received Import Request.
  Time since last request: 3.297918 seconds.
  path: Assets/Scripts/A/Minimap/Prefabs/Pin.prefab
  artifactKey: Guid(0e6b8ea26741146bb83706b1a4b09884) Importer(815301076,1909f56bfc062723c751e8b465ee728b)
Start importing Assets/Scripts/A/Minimap/Prefabs/Pin.prefab using Guid(0e6b8ea26741146bb83706b1a4b09884) Importer(815301076,1909f56bfc062723c751e8b465ee728b)  -> (artifact id: '4890dfac021871eb9a7b8717f5fadf49') in 0.004676 seconds
  Import took 0.009323 seconds .

========================================================================
Received Import Request.
  Time since last request: 1.211432 seconds.
  path: Assets/Scripts/A/Minimap/Prefabs/Pin.prefab
  artifactKey: Guid(0e6b8ea26741146bb83706b1a4b09884) Importer(815301076,1909f56bfc062723c751e8b465ee728b)
Start importing Assets/Scripts/A/Minimap/Prefabs/Pin.prefab using Guid(0e6b8ea26741146bb83706b1a4b09884) Importer(815301076,1909f56bfc062723c751e8b465ee728b)  -> (artifact id: 'c19f144d505543f989e64598ce81f52c') in 0.003956 seconds
  Import took 0.008080 seconds .

========================================================================
Received Import Request.
  Time since last request: 16.092552 seconds.
  path: Assets/Scripts/A/Minimap/Prefabs/Pin.prefab
  artifactKey: Guid(0e6b8ea26741146bb83706b1a4b09884) Importer(815301076,1909f56bfc062723c751e8b465ee728b)
Start importing Assets/Scripts/A/Minimap/Prefabs/Pin.prefab using Guid(0e6b8ea26741146bb83706b1a4b09884) Importer(815301076,1909f56bfc062723c751e8b465ee728b)  -> (artifact id: 'dd133fbe24816c0671b3afdc7849bf90') in 0.005114 seconds
  Import took 0.009500 seconds .

========================================================================
Received Import Request.
  Time since last request: 3.037972 seconds.
  path: Assets/Scripts/A/Minimap/Prefabs/Pin.prefab
  artifactKey: Guid(0e6b8ea26741146bb83706b1a4b09884) Importer(815301076,1909f56bfc062723c751e8b465ee728b)
Start importing Assets/Scripts/A/Minimap/Prefabs/Pin.prefab using Guid(0e6b8ea26741146bb83706b1a4b09884) Importer(815301076,1909f56bfc062723c751e8b465ee728b)  -> (artifact id: '6f0c273c1c7a4916d562ea717162b9a8') in 0.004806 seconds
  Import took 0.009706 seconds .

========================================================================
Received Import Request.
  Time since last request: 9.052827 seconds.
  path: Assets/Scripts/A/Minimap/Prefabs/Pin.prefab
  artifactKey: Guid(0e6b8ea26741146bb83706b1a4b09884) Importer(815301076,1909f56bfc062723c751e8b465ee728b)
Start importing Assets/Scripts/A/Minimap/Prefabs/Pin.prefab using Guid(0e6b8ea26741146bb83706b1a4b09884) Importer(815301076,1909f56bfc062723c751e8b465ee728b)  -> (artifact id: '9c9a8116481dbb2dbdd9588144eaa1fa') in 0.005197 seconds
  Import took 0.009516 seconds .

========================================================================
Received Import Request.
  Time since last request: 9.102453 seconds.
  path: Assets/Scripts/A/Minimap/Prefabs/Pin.prefab
  artifactKey: Guid(0e6b8ea26741146bb83706b1a4b09884) Importer(815301076,1909f56bfc062723c751e8b465ee728b)
Start importing Assets/Scripts/A/Minimap/Prefabs/Pin.prefab using Guid(0e6b8ea26741146bb83706b1a4b09884) Importer(815301076,1909f56bfc062723c751e8b465ee728b)  -> (artifact id: '2f72f99fb34e446647c83184524670dc') in 0.004911 seconds
  Import took 0.009277 seconds .

========================================================================
Received Import Request.
  Time since last request: 4.484938 seconds.
  path: Assets/Scripts/A/Minimap/Prefabs/Pin.prefab
  artifactKey: Guid(0e6b8ea26741146bb83706b1a4b09884) Importer(815301076,1909f56bfc062723c751e8b465ee728b)
Start importing Assets/Scripts/A/Minimap/Prefabs/Pin.prefab using Guid(0e6b8ea26741146bb83706b1a4b09884) Importer(815301076,1909f56bfc062723c751e8b465ee728b)  -> (artifact id: 'd05c07d56cb2a86d073d120f895660c3') in 0.004175 seconds
  Import took 0.008095 seconds .

========================================================================
Received Import Request.
  Time since last request: 1.820986 seconds.
  path: Assets/Scripts/A/Minimap/Prefabs/Pin.prefab
  artifactKey: Guid(0e6b8ea26741146bb83706b1a4b09884) Importer(815301076,1909f56bfc062723c751e8b465ee728b)
Start importing Assets/Scripts/A/Minimap/Prefabs/Pin.prefab using Guid(0e6b8ea26741146bb83706b1a4b09884) Importer(815301076,1909f56bfc062723c751e8b465ee728b)  -> (artifact id: '4c2b1bbc9e4aad5e4dff84e29d497b86') in 0.003850 seconds
  Import took 0.008310 seconds .

========================================================================
Received Import Request.
  Time since last request: 11.736261 seconds.
  path: Assets/Scripts/A/Minimap/Prefabs/Pin.prefab
  artifactKey: Guid(0e6b8ea26741146bb83706b1a4b09884) Importer(815301076,1909f56bfc062723c751e8b465ee728b)
Start importing Assets/Scripts/A/Minimap/Prefabs/Pin.prefab using Guid(0e6b8ea26741146bb83706b1a4b09884) Importer(815301076,1909f56bfc062723c751e8b465ee728b)  -> (artifact id: '6216617d0ccdc091d66fd68678d82be9') in 0.004522 seconds
  Import took 0.009190 seconds .

========================================================================
Received Import Request.
  Time since last request: 7.950163 seconds.
  path: Assets/Scripts/A/Minimap/Prefabs/Pin.prefab
  artifactKey: Guid(0e6b8ea26741146bb83706b1a4b09884) Importer(815301076,1909f56bfc062723c751e8b465ee728b)
Start importing Assets/Scripts/A/Minimap/Prefabs/Pin.prefab using Guid(0e6b8ea26741146bb83706b1a4b09884) Importer(815301076,1909f56bfc062723c751e8b465ee728b)  -> (artifact id: '685ae98d2e2367354554bfc5126431aa') in 0.004753 seconds
  Import took 0.009518 seconds .

========================================================================
Received Import Request.
  Time since last request: 5.893125 seconds.
  path: Assets/Scripts/A/Minimap/Prefabs/Pin.prefab
  artifactKey: Guid(0e6b8ea26741146bb83706b1a4b09884) Importer(815301076,1909f56bfc062723c751e8b465ee728b)
Start importing Assets/Scripts/A/Minimap/Prefabs/Pin.prefab using Guid(0e6b8ea26741146bb83706b1a4b09884) Importer(815301076,1909f56bfc062723c751e8b465ee728b)  -> (artifact id: '010ecb969fa99becb5b1dee78accda73') in 0.005366 seconds
  Import took 0.011177 seconds .

========================================================================
Received Import Request.
  Time since last request: 2.209300 seconds.
  path: Assets/Scripts/A/Minimap/Prefabs/Pin.prefab
  artifactKey: Guid(0e6b8ea26741146bb83706b1a4b09884) Importer(815301076,1909f56bfc062723c751e8b465ee728b)
Start importing Assets/Scripts/A/Minimap/Prefabs/Pin.prefab using Guid(0e6b8ea26741146bb83706b1a4b09884) Importer(815301076,1909f56bfc062723c751e8b465ee728b)  -> (artifact id: '1d00592ee0100dc9cb6f7398d121842b') in 0.005567 seconds
  Import took 0.010178 seconds .

========================================================================
Received Import Request.
  Time since last request: 2.014198 seconds.
  path: Assets/Scripts/A/Minimap/Prefabs/Pin.prefab
  artifactKey: Guid(0e6b8ea26741146bb83706b1a4b09884) Importer(815301076,1909f56bfc062723c751e8b465ee728b)
Start importing Assets/Scripts/A/Minimap/Prefabs/Pin.prefab using Guid(0e6b8ea26741146bb83706b1a4b09884) Importer(815301076,1909f56bfc062723c751e8b465ee728b)  -> (artifact id: 'f85f5ba6c007ee58c16a2281678f5d35') in 0.003555 seconds
  Import took 0.008588 seconds .

========================================================================
Received Import Request.
  Time since last request: 8.499091 seconds.
  path: Assets/Scripts/A/Minimap/Prefabs/Pin.prefab
  artifactKey: Guid(0e6b8ea26741146bb83706b1a4b09884) Importer(815301076,1909f56bfc062723c751e8b465ee728b)
Start importing Assets/Scripts/A/Minimap/Prefabs/Pin.prefab using Guid(0e6b8ea26741146bb83706b1a4b09884) Importer(815301076,1909f56bfc062723c751e8b465ee728b)  -> (artifact id: '24508d9f6946dcb7a79396cec91c70e8') in 0.003755 seconds
  Import took 0.007500 seconds .

========================================================================
Received Import Request.
  Time since last request: 1.837500 seconds.
  path: Assets/Scripts/A/Minimap/Prefabs/Pin.prefab
  artifactKey: Guid(0e6b8ea26741146bb83706b1a4b09884) Importer(815301076,1909f56bfc062723c751e8b465ee728b)
Start importing Assets/Scripts/A/Minimap/Prefabs/Pin.prefab using Guid(0e6b8ea26741146bb83706b1a4b09884) Importer(815301076,1909f56bfc062723c751e8b465ee728b)  -> (artifact id: 'c7a97799f360b7efde49fb636e9c9e76') in 0.004063 seconds
  Import took 0.008591 seconds .

========================================================================
Received Import Request.
  Time since last request: 12.183025 seconds.
  path: Assets/Scripts/A/Minimap/Prefabs/Pin.prefab
  artifactKey: Guid(0e6b8ea26741146bb83706b1a4b09884) Importer(815301076,1909f56bfc062723c751e8b465ee728b)
Start importing Assets/Scripts/A/Minimap/Prefabs/Pin.prefab using Guid(0e6b8ea26741146bb83706b1a4b09884) Importer(815301076,1909f56bfc062723c751e8b465ee728b)  -> (artifact id: '7b3cb431bbb2b128312a581ed5ddce93') in 0.004577 seconds
  Import took 0.009436 seconds .

========================================================================
Received Import Request.
  Time since last request: 15.409482 seconds.
  path: Assets/Scripts/A/Minimap/Prefabs/Pin.prefab
  artifactKey: Guid(0e6b8ea26741146bb83706b1a4b09884) Importer(815301076,1909f56bfc062723c751e8b465ee728b)
Start importing Assets/Scripts/A/Minimap/Prefabs/Pin.prefab using Guid(0e6b8ea26741146bb83706b1a4b09884) Importer(815301076,1909f56bfc062723c751e8b465ee728b)  -> (artifact id: 'bb2d076ce2234f4e74dc33dda7ba3e16') in 0.005786 seconds
  Import took 0.011528 seconds .

========================================================================
Received Import Request.
  Time since last request: 3.246561 seconds.
  path: Assets/Scripts/A/Minimap/Prefabs/Pin.prefab
  artifactKey: Guid(0e6b8ea26741146bb83706b1a4b09884) Importer(815301076,1909f56bfc062723c751e8b465ee728b)
Start importing Assets/Scripts/A/Minimap/Prefabs/Pin.prefab using Guid(0e6b8ea26741146bb83706b1a4b09884) Importer(815301076,1909f56bfc062723c751e8b465ee728b)  -> (artifact id: '0b041e3c1ac70fce12140e200dcc8363') in 0.004514 seconds
  Import took 0.009519 seconds .

========================================================================
Received Import Request.
  Time since last request: 4.059142 seconds.
  path: Assets/Scripts/A/Minimap/Prefabs/Pin.prefab
  artifactKey: Guid(0e6b8ea26741146bb83706b1a4b09884) Importer(815301076,1909f56bfc062723c751e8b465ee728b)
Start importing Assets/Scripts/A/Minimap/Prefabs/Pin.prefab using Guid(0e6b8ea26741146bb83706b1a4b09884) Importer(815301076,1909f56bfc062723c751e8b465ee728b)  -> (artifact id: '9caa86758971ded8d0ae896af72828c8') in 0.006200 seconds
  Import took 0.010664 seconds .

========================================================================
Received Import Request.
  Time since last request: 4.676557 seconds.
  path: Assets/Scripts/A/Minimap/Prefabs/Pin.prefab
  artifactKey: Guid(0e6b8ea26741146bb83706b1a4b09884) Importer(815301076,1909f56bfc062723c751e8b465ee728b)
Start importing Assets/Scripts/A/Minimap/Prefabs/Pin.prefab using Guid(0e6b8ea26741146bb83706b1a4b09884) Importer(815301076,1909f56bfc062723c751e8b465ee728b)  -> (artifact id: '14c3dd8935c9f459beff23c90e96d8e7') in 0.005956 seconds
  Import took 0.010716 seconds .

========================================================================
Received Import Request.
  Time since last request: 1.810972 seconds.
  path: Assets/Scripts/A/Minimap/Prefabs/Pin.prefab
  artifactKey: Guid(0e6b8ea26741146bb83706b1a4b09884) Importer(815301076,1909f56bfc062723c751e8b465ee728b)
Start importing Assets/Scripts/A/Minimap/Prefabs/Pin.prefab using Guid(0e6b8ea26741146bb83706b1a4b09884) Importer(815301076,1909f56bfc062723c751e8b465ee728b)  -> (artifact id: '0007bb503e089fe788ae68b22222f9ea') in 0.006389 seconds
  Import took 0.012623 seconds .

========================================================================
Received Import Request.
  Time since last request: 5.464697 seconds.
  path: Assets/Scripts/A/Minimap/Prefabs/Pin.prefab
  artifactKey: Guid(0e6b8ea26741146bb83706b1a4b09884) Importer(815301076,1909f56bfc062723c751e8b465ee728b)
Start importing Assets/Scripts/A/Minimap/Prefabs/Pin.prefab using Guid(0e6b8ea26741146bb83706b1a4b09884) Importer(815301076,1909f56bfc062723c751e8b465ee728b)  -> (artifact id: '5fc6f52c0868fffe8664bd1fca1b6472') in 0.004113 seconds
  Import took 0.008761 seconds .

========================================================================
Received Import Request.
  Time since last request: 7.287300 seconds.
  path: Assets/Scripts/A/Minimap/Prefabs/Pin.prefab
  artifactKey: Guid(0e6b8ea26741146bb83706b1a4b09884) Importer(815301076,1909f56bfc062723c751e8b465ee728b)
Start importing Assets/Scripts/A/Minimap/Prefabs/Pin.prefab using Guid(0e6b8ea26741146bb83706b1a4b09884) Importer(815301076,1909f56bfc062723c751e8b465ee728b)  -> (artifact id: '0327548030eede3b7577fec3f0ee0719') in 0.003991 seconds
  Import took 0.007785 seconds .

========================================================================
Received Import Request.
  Time since last request: 3.840738 seconds.
  path: Assets/Scripts/A/Minimap/Prefabs/Pin.prefab
  artifactKey: Guid(0e6b8ea26741146bb83706b1a4b09884) Importer(815301076,1909f56bfc062723c751e8b465ee728b)
Start importing Assets/Scripts/A/Minimap/Prefabs/Pin.prefab using Guid(0e6b8ea26741146bb83706b1a4b09884) Importer(815301076,1909f56bfc062723c751e8b465ee728b)  -> (artifact id: '8ef37a7af049c3c0dd0c52062bdee5fb') in 0.003846 seconds
  Import took 0.007739 seconds .

========================================================================
Received Import Request.
  Time since last request: 2.624183 seconds.
  path: Assets/Scripts/A/Minimap/Prefabs/Pin.prefab
  artifactKey: Guid(0e6b8ea26741146bb83706b1a4b09884) Importer(815301076,1909f56bfc062723c751e8b465ee728b)
Start importing Assets/Scripts/A/Minimap/Prefabs/Pin.prefab using Guid(0e6b8ea26741146bb83706b1a4b09884) Importer(815301076,1909f56bfc062723c751e8b465ee728b)  -> (artifact id: '5d36a2f2966815f12afe14c95888b5e5') in 0.006890 seconds
  Import took 0.012033 seconds .

========================================================================
Received Import Request.
  Time since last request: 1.407873 seconds.
  path: Assets/Scripts/A/Minimap/Prefabs/Pin.prefab
  artifactKey: Guid(0e6b8ea26741146bb83706b1a4b09884) Importer(815301076,1909f56bfc062723c751e8b465ee728b)
Start importing Assets/Scripts/A/Minimap/Prefabs/Pin.prefab using Guid(0e6b8ea26741146bb83706b1a4b09884) Importer(815301076,1909f56bfc062723c751e8b465ee728b)  -> (artifact id: '5909092aaf9a9dc8077e8513435c622a') in 0.004561 seconds
  Import took 0.009957 seconds .

========================================================================
Received Import Request.
  Time since last request: 7.499730 seconds.
  path: Assets/Scripts/A/Minimap/Prefabs/Pin.prefab
  artifactKey: Guid(0e6b8ea26741146bb83706b1a4b09884) Importer(815301076,1909f56bfc062723c751e8b465ee728b)
Start importing Assets/Scripts/A/Minimap/Prefabs/Pin.prefab using Guid(0e6b8ea26741146bb83706b1a4b09884) Importer(815301076,1909f56bfc062723c751e8b465ee728b)  -> (artifact id: '8e9735653aa9598278b427e56476917e') in 0.004200 seconds
  Import took 0.008397 seconds .

========================================================================
Received Import Request.
  Time since last request: 5.676147 seconds.
  path: Assets/Scripts/A/Minimap/Prefabs/Pin.prefab
  artifactKey: Guid(0e6b8ea26741146bb83706b1a4b09884) Importer(815301076,1909f56bfc062723c751e8b465ee728b)
Start importing Assets/Scripts/A/Minimap/Prefabs/Pin.prefab using Guid(0e6b8ea26741146bb83706b1a4b09884) Importer(815301076,1909f56bfc062723c751e8b465ee728b)  -> (artifact id: 'd52738912e0563f642da04cb3b2a9b67') in 0.005484 seconds
  Import took 0.011168 seconds .

========================================================================
Received Import Request.
  Time since last request: 11.137301 seconds.
  path: Assets/Scripts/A/Minimap/Prefabs/Pin.prefab
  artifactKey: Guid(0e6b8ea26741146bb83706b1a4b09884) Importer(815301076,1909f56bfc062723c751e8b465ee728b)
Start importing Assets/Scripts/A/Minimap/Prefabs/Pin.prefab using Guid(0e6b8ea26741146bb83706b1a4b09884) Importer(815301076,1909f56bfc062723c751e8b465ee728b)  -> (artifact id: '2ef8c59a1e4f07835b54431b2d85f09a') in 0.006151 seconds
  Import took 0.011768 seconds .

========================================================================
Received Import Request.
  Time since last request: 1.641334 seconds.
  path: Assets/Scripts/A/Minimap/Prefabs/Pin.prefab
  artifactKey: Guid(0e6b8ea26741146bb83706b1a4b09884) Importer(815301076,1909f56bfc062723c751e8b465ee728b)
Start importing Assets/Scripts/A/Minimap/Prefabs/Pin.prefab using Guid(0e6b8ea26741146bb83706b1a4b09884) Importer(815301076,1909f56bfc062723c751e8b465ee728b)  -> (artifact id: 'e4a0b22b033c5893367c18e22eccb8b4') in 0.005879 seconds
  Import took 0.011008 seconds .

========================================================================
Received Import Request.
  Time since last request: 4.449216 seconds.
  path: Assets/Scripts/A/Minimap/Prefabs/Pin.prefab
  artifactKey: Guid(0e6b8ea26741146bb83706b1a4b09884) Importer(815301076,1909f56bfc062723c751e8b465ee728b)
Start importing Assets/Scripts/A/Minimap/Prefabs/Pin.prefab using Guid(0e6b8ea26741146bb83706b1a4b09884) Importer(815301076,1909f56bfc062723c751e8b465ee728b)  -> (artifact id: '51d991be7ce8406749884a1539ae6549') in 0.005842 seconds
  Import took 0.010217 seconds .

========================================================================
Received Import Request.
  Time since last request: 13.603280 seconds.
  path: Assets/Scripts/A/Minimap/Prefabs/Pin.prefab
  artifactKey: Guid(0e6b8ea26741146bb83706b1a4b09884) Importer(815301076,1909f56bfc062723c751e8b465ee728b)
Start importing Assets/Scripts/A/Minimap/Prefabs/Pin.prefab using Guid(0e6b8ea26741146bb83706b1a4b09884) Importer(815301076,1909f56bfc062723c751e8b465ee728b)  -> (artifact id: '2b8472cca75319989df480dbd36a3dd9') in 0.004934 seconds
  Import took 0.010017 seconds .

========================================================================
Received Import Request.
  Time since last request: 12.635256 seconds.
  path: Assets/Scripts/A/Minimap/Prefabs/Pin.prefab
  artifactKey: Guid(0e6b8ea26741146bb83706b1a4b09884) Importer(815301076,1909f56bfc062723c751e8b465ee728b)
Start importing Assets/Scripts/A/Minimap/Prefabs/Pin.prefab using Guid(0e6b8ea26741146bb83706b1a4b09884) Importer(815301076,1909f56bfc062723c751e8b465ee728b)  -> (artifact id: 'f70552d0a60fc0c064954d80068c8d43') in 0.004898 seconds
  Import took 0.009703 seconds .

========================================================================
Received Import Request.
  Time since last request: 17.052388 seconds.
  path: Assets/Scripts/A/Minimap/Prefabs/Pin.prefab
  artifactKey: Guid(0e6b8ea26741146bb83706b1a4b09884) Importer(815301076,1909f56bfc062723c751e8b465ee728b)
Start importing Assets/Scripts/A/Minimap/Prefabs/Pin.prefab using Guid(0e6b8ea26741146bb83706b1a4b09884) Importer(815301076,1909f56bfc062723c751e8b465ee728b)  -> (artifact id: '2d5274529a2db128cca215ef526b36f7') in 0.004462 seconds
  Import took 0.009300 seconds .

========================================================================
Received Import Request.
  Time since last request: 2.888747 seconds.
  path: Assets/Scripts/A/Minimap/Prefabs/Pin.prefab
  artifactKey: Guid(0e6b8ea26741146bb83706b1a4b09884) Importer(815301076,1909f56bfc062723c751e8b465ee728b)
Start importing Assets/Scripts/A/Minimap/Prefabs/Pin.prefab using Guid(0e6b8ea26741146bb83706b1a4b09884) Importer(815301076,1909f56bfc062723c751e8b465ee728b)  -> (artifact id: '8919ba5398435370430fcb96b4897ccd') in 0.004096 seconds
  Import took 0.009102 seconds .

========================================================================
Received Import Request.
  Time since last request: 8.516707 seconds.
  path: Assets/Scripts/A/Minimap/Prefabs/Pin.prefab
  artifactKey: Guid(0e6b8ea26741146bb83706b1a4b09884) Importer(815301076,1909f56bfc062723c751e8b465ee728b)
Start importing Assets/Scripts/A/Minimap/Prefabs/Pin.prefab using Guid(0e6b8ea26741146bb83706b1a4b09884) Importer(815301076,1909f56bfc062723c751e8b465ee728b)  -> (artifact id: '36bbf309c90a5db33af6908f4ebffce9') in 0.004950 seconds
  Import took 0.010362 seconds .

========================================================================
Received Import Request.
  Time since last request: 3.428247 seconds.
  path: Assets/Scripts/A/Minimap/Prefabs/Pin.prefab
  artifactKey: Guid(0e6b8ea26741146bb83706b1a4b09884) Importer(815301076,1909f56bfc062723c751e8b465ee728b)
Start importing Assets/Scripts/A/Minimap/Prefabs/Pin.prefab using Guid(0e6b8ea26741146bb83706b1a4b09884) Importer(815301076,1909f56bfc062723c751e8b465ee728b)  -> (artifact id: '64d9577cff28e673e52b0852ed78ac69') in 0.005609 seconds
  Import took 0.009850 seconds .

========================================================================
Received Import Request.
  Time since last request: 4.278119 seconds.
  path: Assets/Scripts/A/Minimap/Prefabs/Pin.prefab
  artifactKey: Guid(0e6b8ea26741146bb83706b1a4b09884) Importer(815301076,1909f56bfc062723c751e8b465ee728b)
Start importing Assets/Scripts/A/Minimap/Prefabs/Pin.prefab using Guid(0e6b8ea26741146bb83706b1a4b09884) Importer(815301076,1909f56bfc062723c751e8b465ee728b)  -> (artifact id: 'f9cad08fdba3384b682de4392beeaf7a') in 0.004832 seconds
  Import took 0.009573 seconds .

========================================================================
Received Import Request.
  Time since last request: 4.058637 seconds.
  path: Assets/Scripts/A/Minimap/Prefabs/Pin.prefab
  artifactKey: Guid(0e6b8ea26741146bb83706b1a4b09884) Importer(815301076,1909f56bfc062723c751e8b465ee728b)
Start importing Assets/Scripts/A/Minimap/Prefabs/Pin.prefab using Guid(0e6b8ea26741146bb83706b1a4b09884) Importer(815301076,1909f56bfc062723c751e8b465ee728b)  -> (artifact id: 'be769101fc8bedde039311c183dd9683') in 0.005706 seconds
  Import took 0.010626 seconds .

========================================================================
Received Import Request.
  Time since last request: 11.347970 seconds.
  path: Assets/Scripts/A/Minimap/Prefabs/Pin.prefab
  artifactKey: Guid(0e6b8ea26741146bb83706b1a4b09884) Importer(815301076,1909f56bfc062723c751e8b465ee728b)
Start importing Assets/Scripts/A/Minimap/Prefabs/Pin.prefab using Guid(0e6b8ea26741146bb83706b1a4b09884) Importer(815301076,1909f56bfc062723c751e8b465ee728b)  -> (artifact id: '64d161307c7e3da572b2b7590e8dbd95') in 0.003968 seconds
  Import took 0.007969 seconds .

========================================================================
Received Import Request.
  Time since last request: 2.208857 seconds.
  path: Assets/Scripts/A/Minimap/Prefabs/Pin.prefab
  artifactKey: Guid(0e6b8ea26741146bb83706b1a4b09884) Importer(815301076,1909f56bfc062723c751e8b465ee728b)
Start importing Assets/Scripts/A/Minimap/Prefabs/Pin.prefab using Guid(0e6b8ea26741146bb83706b1a4b09884) Importer(815301076,1909f56bfc062723c751e8b465ee728b)  -> (artifact id: 'bd152ebe8dec3121875b864fb0637537') in 0.004352 seconds
  Import took 0.008223 seconds .

========================================================================
Received Prepare
Registering precompiled user dll's ...
Registered in 0.000676 seconds.
Begin MonoManager ReloadAssembly
Native extension for WindowsStandalone target not found
Native extension for OSXStandalone target not found
Refreshing native plugins compatible for Editor in 0.45 ms, found 2 plugins.
Preloading 0 native plugins for Editor in 0.00 ms.
Invoked RoslynAnalysisRunner static constructor.
RoslynAnalysisRunner will not be running.
RoslynAnalysisRunner has terminated.
Mono: successfully reloaded assembly
- Completed reload, in  1.136 seconds
Platform modules already initialized, skipping
Refreshing native plugins compatible for Editor in 0.43 ms, found 2 plugins.
Preloading 0 native plugins for Editor in 0.00 ms.
Unloading 1930 Unused Serialized files (Serialized files now loaded: 0)
System memory in use before: 156.0 MB.
System memory in use after: 156.0 MB.

Unloading 13 unused Assets to reduce memory usage. Loaded Objects now: 2393.
Total: 3.577240 ms (FindLiveObjects: 0.437922 ms CreateObjectMapping: 0.246427 ms MarkObjects: 2.734743 ms  DeleteObjects: 0.153399 ms)

========================================================================
Received Import Request.
  Time since last request: 22.492885 seconds.
  path: Assets/Scripts/A/Minimap/Prefabs/Pin.prefab
  artifactKey: Guid(0e6b8ea26741146bb83706b1a4b09884) Importer(815301076,1909f56bfc062723c751e8b465ee728b)
Start importing Assets/Scripts/A/Minimap/Prefabs/Pin.prefab using Guid(0e6b8ea26741146bb83706b1a4b09884) Importer(815301076,1909f56bfc062723c751e8b465ee728b)  -> (artifact id: '1768a251b07915c6870a823dcc7cffa1') in 0.044535 seconds
  Import took 0.049621 seconds .

========================================================================
Received Prepare
Registering precompiled user dll's ...
Registered in 0.000513 seconds.
Begin MonoManager ReloadAssembly
Native extension for WindowsStandalone target not found
Native extension for OSXStandalone target not found
Refreshing native plugins compatible for Editor in 0.46 ms, found 2 plugins.
Preloading 0 native plugins for Editor in 0.00 ms.
Invoked RoslynAnalysisRunner static constructor.
RoslynAnalysisRunner will not be running.
RoslynAnalysisRunner has terminated.
Mono: successfully reloaded assembly
- Completed reload, in  1.141 seconds
Platform modules already initialized, skipping
Refreshing native plugins compatible for Editor in 0.47 ms, found 2 plugins.
Preloading 0 native plugins for Editor in 0.00 ms.
Unloading 1930 Unused Serialized files (Serialized files now loaded: 0)
System memory in use before: 156.4 MB.
System memory in use after: 156.4 MB.

Unloading 13 unused Assets to reduce memory usage. Loaded Objects now: 2396.
Total: 3.328553 ms (FindLiveObjects: 0.417873 ms CreateObjectMapping: 0.135158 ms MarkObjects: 2.617646 ms  DeleteObjects: 0.155341 ms)

========================================================================
Received Prepare
Registering precompiled user dll's ...
Registered in 0.000567 seconds.
Begin MonoManager ReloadAssembly
Native extension for WindowsStandalone target not found
Native extension for OSXStandalone target not found
Refreshing native plugins compatible for Editor in 0.41 ms, found 2 plugins.
Preloading 0 native plugins for Editor in 0.00 ms.
Invoked RoslynAnalysisRunner static constructor.
RoslynAnalysisRunner will not be running.
RoslynAnalysisRunner has terminated.
Mono: successfully reloaded assembly
- Completed reload, in  1.156 seconds
Platform modules already initialized, skipping
Refreshing native plugins compatible for Editor in 0.45 ms, found 2 plugins.
Preloading 0 native plugins for Editor in 0.00 ms.
Unloading 1930 Unused Serialized files (Serialized files now loaded: 0)
System memory in use before: 156.7 MB.
System memory in use after: 156.7 MB.

Unloading 12 unused Assets to reduce memory usage. Loaded Objects now: 2399.
Total: 4.531578 ms (FindLiveObjects: 0.506347 ms CreateObjectMapping: 0.210412 ms MarkObjects: 3.664914 ms  DeleteObjects: 0.148100 ms)

========================================================================
Received Prepare
Registering precompiled user dll's ...
Registered in 0.000576 seconds.
Begin MonoManager ReloadAssembly
Native extension for WindowsStandalone target not found
Native extension for OSXStandalone target not found
Refreshing native plugins compatible for Editor in 0.43 ms, found 2 plugins.
Preloading 0 native plugins for Editor in 0.00 ms.
Invoked RoslynAnalysisRunner static constructor.
RoslynAnalysisRunner will not be running.
RoslynAnalysisRunner has terminated.
Mono: successfully reloaded assembly
- Completed reload, in  1.171 seconds
Platform modules already initialized, skipping
Refreshing native plugins compatible for Editor in 0.34 ms, found 2 plugins.
Preloading 0 native plugins for Editor in 0.00 ms.
Unloading 1930 Unused Serialized files (Serialized files now loaded: 0)
System memory in use before: 157.1 MB.
System memory in use after: 157.1 MB.

Unloading 12 unused Assets to reduce memory usage. Loaded Objects now: 2402.
Total: 3.303051 ms (FindLiveObjects: 0.285244 ms CreateObjectMapping: 0.136103 ms MarkObjects: 2.756039 ms  DeleteObjects: 0.124374 ms)

========================================================================
Received Prepare
Registering precompiled user dll's ...
Registered in 0.000551 seconds.
Begin MonoManager ReloadAssembly
Native extension for WindowsStandalone target not found
Native extension for OSXStandalone target not found
Refreshing native plugins compatible for Editor in 0.43 ms, found 2 plugins.
Preloading 0 native plugins for Editor in 0.00 ms.
Invoked RoslynAnalysisRunner static constructor.
RoslynAnalysisRunner will not be running.
RoslynAnalysisRunner has terminated.
Mono: successfully reloaded assembly
- Completed reload, in  1.171 seconds
Platform modules already initialized, skipping
Refreshing native plugins compatible for Editor in 0.37 ms, found 2 plugins.
Preloading 0 native plugins for Editor in 0.00 ms.
Unloading 1930 Unused Serialized files (Serialized files now loaded: 0)
System memory in use before: 157.5 MB.
System memory in use after: 157.5 MB.

Unloading 12 unused Assets to reduce memory usage. Loaded Objects now: 2405.
Total: 3.325648 ms (FindLiveObjects: 0.362010 ms CreateObjectMapping: 0.144519 ms MarkObjects: 2.694715 ms  DeleteObjects: 0.122664 ms)

========================================================================
Received Prepare
Registering precompiled user dll's ...
Registered in 0.000656 seconds.
Begin MonoManager ReloadAssembly
Native extension for WindowsStandalone target not found
Native extension for OSXStandalone target not found
Refreshing native plugins compatible for Editor in 0.42 ms, found 2 plugins.
Preloading 0 native plugins for Editor in 0.00 ms.
Invoked RoslynAnalysisRunner static constructor.
RoslynAnalysisRunner will not be running.
RoslynAnalysisRunner has terminated.
Mono: successfully reloaded assembly
- Completed reload, in  1.107 seconds
Platform modules already initialized, skipping
Refreshing native plugins compatible for Editor in 0.46 ms, found 2 plugins.
Preloading 0 native plugins for Editor in 0.00 ms.
Unloading 1930 Unused Serialized files (Serialized files now loaded: 0)
System memory in use before: 157.8 MB.
System memory in use after: 157.8 MB.

Unloading 12 unused Assets to reduce memory usage. Loaded Objects now: 2408.
Total: 3.731977 ms (FindLiveObjects: 0.512391 ms CreateObjectMapping: 0.186168 ms MarkObjects: 2.878391 ms  DeleteObjects: 0.150389 ms)

========================================================================
Received Prepare
Registering precompiled user dll's ...
Registered in 0.000667 seconds.
Begin MonoManager ReloadAssembly
Native extension for WindowsStandalone target not found
Native extension for OSXStandalone target not found
Refreshing native plugins compatible for Editor in 0.43 ms, found 2 plugins.
Preloading 0 native plugins for Editor in 0.00 ms.
Invoked RoslynAnalysisRunner static constructor.
RoslynAnalysisRunner will not be running.
RoslynAnalysisRunner has terminated.
Mono: successfully reloaded assembly
- Completed reload, in  1.083 seconds
Platform modules already initialized, skipping
Refreshing native plugins compatible for Editor in 0.43 ms, found 2 plugins.
Preloading 0 native plugins for Editor in 0.00 ms.
Unloading 1930 Unused Serialized files (Serialized files now loaded: 0)
System memory in use before: 158.1 MB.
System memory in use after: 158.1 MB.

Unloading 12 unused Assets to reduce memory usage. Loaded Objects now: 2411.
Total: 4.030728 ms (FindLiveObjects: 0.411629 ms CreateObjectMapping: 0.141371 ms MarkObjects: 3.334066 ms  DeleteObjects: 0.141498 ms)

========================================================================
Received Import Request.
  Time since last request: 183.085141 seconds.
  path: Assets/Scripts/A/Standard
  artifactKey: Guid(79d0e09b19b0246fcaa2c430f0d354f1) Importer(815301076,1909f56bfc062723c751e8b465ee728b)
Start importing Assets/Scripts/A/Standard using Guid(79d0e09b19b0246fcaa2c430f0d354f1) Importer(815301076,1909f56bfc062723c751e8b465ee728b)  -> (artifact id: 'edc05836a38e896cab96a0970b5a6b21') in 0.006849 seconds
  Import took 0.011593 seconds .

========================================================================
Received Import Request.
  Time since last request: 7.332177 seconds.
  path: Assets/Scripts/A/Standard/Math.cs
  artifactKey: Guid(c57ab9e883eab415cac981a295e23112) Importer(815301076,1909f56bfc062723c751e8b465ee728b)
Start importing Assets/Scripts/A/Standard/Math.cs using Guid(c57ab9e883eab415cac981a295e23112) Importer(815301076,1909f56bfc062723c751e8b465ee728b)  -> (artifact id: 'ab5803f8c3c0bcc2a2ed023d97d8468f') in 0.336801 seconds
  Import took 0.340700 seconds .

========================================================================
Received Prepare
Registering precompiled user dll's ...
Registered in 0.000648 seconds.
Begin MonoManager ReloadAssembly
Native extension for WindowsStandalone target not found
Native extension for OSXStandalone target not found
Refreshing native plugins compatible for Editor in 0.46 ms, found 2 plugins.
Preloading 0 native plugins for Editor in 0.00 ms.
Invoked RoslynAnalysisRunner static constructor.
RoslynAnalysisRunner will not be running.
RoslynAnalysisRunner has terminated.
Mono: successfully reloaded assembly
- Completed reload, in  1.147 seconds
Platform modules already initialized, skipping
Refreshing native plugins compatible for Editor in 0.59 ms, found 2 plugins.
Preloading 0 native plugins for Editor in 0.00 ms.
Unloading 1931 Unused Serialized files (Serialized files now loaded: 0)
System memory in use before: 161.8 MB.
System memory in use after: 161.8 MB.

Unloading 12 unused Assets to reduce memory usage. Loaded Objects now: 2415.
Total: 4.006752 ms (FindLiveObjects: 0.438134 ms CreateObjectMapping: 0.141519 ms MarkObjects: 3.271673 ms  DeleteObjects: 0.152921 ms)

========================================================================
Received Import Request.
  Time since last request: 35.772166 seconds.
  path: Assets/Scripts/A/Standard/Math.cs
  artifactKey: Guid(c57ab9e883eab415cac981a295e23112) Importer(815301076,1909f56bfc062723c751e8b465ee728b)
Start importing Assets/Scripts/A/Standard/Math.cs using Guid(c57ab9e883eab415cac981a295e23112) Importer(815301076,1909f56bfc062723c751e8b465ee728b)  -> (artifact id: 'dbce0f70d93752d9bb2d68e378219b3a') in 0.014714 seconds
  Import took 0.019302 seconds .

========================================================================
Received Prepare
Registering precompiled user dll's ...
Registered in 0.000625 seconds.
Begin MonoManager ReloadAssembly
Native extension for WindowsStandalone target not found
Native extension for OSXStandalone target not found
Refreshing native plugins compatible for Editor in 0.48 ms, found 2 plugins.
Preloading 0 native plugins for Editor in 0.00 ms.
Invoked RoslynAnalysisRunner static constructor.
RoslynAnalysisRunner will not be running.
RoslynAnalysisRunner has terminated.
Mono: successfully reloaded assembly
- Completed reload, in  1.181 seconds
Platform modules already initialized, skipping
Refreshing native plugins compatible for Editor in 0.49 ms, found 2 plugins.
Preloading 0 native plugins for Editor in 0.00 ms.
Unloading 1931 Unused Serialized files (Serialized files now loaded: 0)
System memory in use before: 162.2 MB.
System memory in use after: 162.2 MB.

Unloading 12 unused Assets to reduce memory usage. Loaded Objects now: 2418.
Total: 4.218662 ms (FindLiveObjects: 0.332339 ms CreateObjectMapping: 0.191305 ms MarkObjects: 3.549997 ms  DeleteObjects: 0.143251 ms)

========================================================================
Received Import Request.
  Time since last request: 51.499159 seconds.
  path: Assets/Scripts/A/Standard/Math.cs
  artifactKey: Guid(c57ab9e883eab415cac981a295e23112) Importer(815301076,1909f56bfc062723c751e8b465ee728b)
Start importing Assets/Scripts/A/Standard/Math.cs using Guid(c57ab9e883eab415cac981a295e23112) Importer(815301076,1909f56bfc062723c751e8b465ee728b)  -> (artifact id: '8896d6bc32817114ea674572ca79a817') in 0.015750 seconds
  Import took 0.020469 seconds .

========================================================================
Received Prepare
Registering precompiled user dll's ...
Registered in 0.000659 seconds.
Begin MonoManager ReloadAssembly
Native extension for WindowsStandalone target not found
Native extension for OSXStandalone target not found
Refreshing native plugins compatible for Editor in 0.40 ms, found 2 plugins.
Preloading 0 native plugins for Editor in 0.00 ms.
Invoked RoslynAnalysisRunner static constructor.
RoslynAnalysisRunner will not be running.
RoslynAnalysisRunner has terminated.
Mono: successfully reloaded assembly
- Completed reload, in  1.145 seconds
Platform modules already initialized, skipping
Refreshing native plugins compatible for Editor in 0.27 ms, found 2 plugins.
Preloading 0 native plugins for Editor in 0.00 ms.
Unloading 1931 Unused Serialized files (Serialized files now loaded: 0)
System memory in use before: 162.6 MB.
System memory in use after: 162.6 MB.

Unloading 12 unused Assets to reduce memory usage. Loaded Objects now: 2421.
Total: 3.986577 ms (FindLiveObjects: 0.478611 ms CreateObjectMapping: 0.153336 ms MarkObjects: 3.177222 ms  DeleteObjects: 0.175143 ms)

========================================================================
Received Import Request.
  Time since last request: 34.536639 seconds.
  path: Assets/Scripts/A/Standard/A.Standard.asmdef
  artifactKey: Guid(a6fc4975639fa4ba4b3296ba157024c8) Importer(815301076,1909f56bfc062723c751e8b465ee728b)
Start importing Assets/Scripts/A/Standard/A.Standard.asmdef using Guid(a6fc4975639fa4ba4b3296ba157024c8) Importer(815301076,1909f56bfc062723c751e8b465ee728b)  -> (artifact id: '5f8964bb23a503a0a236e29dc255aa9f') in 0.425888 seconds
  Import took 0.430926 seconds .

========================================================================
Received Prepare
Registering precompiled user dll's ...
Registered in 0.000637 seconds.
Begin MonoManager ReloadAssembly
Native extension for WindowsStandalone target not found
Native extension for OSXStandalone target not found
Refreshing native plugins compatible for Editor in 0.39 ms, found 2 plugins.
Preloading 0 native plugins for Editor in 0.00 ms.
Invoked RoslynAnalysisRunner static constructor.
RoslynAnalysisRunner will not be running.
RoslynAnalysisRunner has terminated.
Mono: successfully reloaded assembly
- Completed reload, in  1.102 seconds
Platform modules already initialized, skipping
Refreshing native plugins compatible for Editor in 0.47 ms, found 2 plugins.
Preloading 0 native plugins for Editor in 0.00 ms.
Unloading 1931 Unused Serialized files (Serialized files now loaded: 0)
System memory in use before: 167.2 MB.
System memory in use after: 167.2 MB.

Unloading 12 unused Assets to reduce memory usage. Loaded Objects now: 2424.
Total: 4.525585 ms (FindLiveObjects: 0.568355 ms CreateObjectMapping: 0.217903 ms MarkObjects: 3.578992 ms  DeleteObjects: 0.157908 ms)

========================================================================
Received Import Request.
  Time since last request: 23.652121 seconds.
  path: Assets/Scripts/A/Minimap/A.Minimap.asmdef
  artifactKey: Guid(b9b980f85e90c4bce8f03b128e8d4a22) Importer(815301076,1909f56bfc062723c751e8b465ee728b)
Start importing Assets/Scripts/A/Minimap/A.Minimap.asmdef using Guid(b9b980f85e90c4bce8f03b128e8d4a22) Importer(815301076,1909f56bfc062723c751e8b465ee728b)  -> (artifact id: '363e7955efeb7d9101db0e1f16d9be83') in 0.008132 seconds
  Import took 0.013455 seconds .

========================================================================
Received Import Request.
  Time since last request: 0.004287 seconds.
  path: Assets/Scripts/A/Minimap/A.Minimap.asmdef
  artifactKey: Guid(b9b980f85e90c4bce8f03b128e8d4a22) Importer(815301076,1909f56bfc062723c751e8b465ee728b)
Start importing Assets/Scripts/A/Minimap/A.Minimap.asmdef using Guid(b9b980f85e90c4bce8f03b128e8d4a22) Importer(815301076,1909f56bfc062723c751e8b465ee728b)  -> (artifact id: '363e7955efeb7d9101db0e1f16d9be83') in 0.002996 seconds
  Import took 0.006634 seconds .

========================================================================
Received Prepare
Registering precompiled user dll's ...
Registered in 0.000628 seconds.
Begin MonoManager ReloadAssembly
Native extension for WindowsStandalone target not found
Native extension for OSXStandalone target not found
Refreshing native plugins compatible for Editor in 0.43 ms, found 2 plugins.
Preloading 0 native plugins for Editor in 0.00 ms.
Invoked RoslynAnalysisRunner static constructor.
RoslynAnalysisRunner will not be running.
RoslynAnalysisRunner has terminated.
Mono: successfully reloaded assembly
- Completed reload, in  1.107 seconds
Platform modules already initialized, skipping
Refreshing native plugins compatible for Editor in 0.32 ms, found 2 plugins.
Preloading 0 native plugins for Editor in 0.00 ms.
Unloading 1931 Unused Serialized files (Serialized files now loaded: 0)
System memory in use before: 167.5 MB.
System memory in use after: 167.5 MB.

Unloading 12 unused Assets to reduce memory usage. Loaded Objects now: 2427.
Total: 3.785597 ms (FindLiveObjects: 0.426086 ms CreateObjectMapping: 0.119363 ms MarkObjects: 3.108962 ms  DeleteObjects: 0.128904 ms)

========================================================================
Received Import Request.
  Time since last request: 19.577603 seconds.
  path: Assets/Scripts/A/Standard/Math.cs
  artifactKey: Guid(c57ab9e883eab415cac981a295e23112) Importer(815301076,1909f56bfc062723c751e8b465ee728b)
Start importing Assets/Scripts/A/Standard/Math.cs using Guid(c57ab9e883eab415cac981a295e23112) Importer(815301076,1909f56bfc062723c751e8b465ee728b)  -> (artifact id: '39a0ba467759f6c9bd1b525df16c7887') in 0.014275 seconds
  Import took 0.018983 seconds .

========================================================================
Received Prepare
Registering precompiled user dll's ...
Registered in 0.000655 seconds.
Begin MonoManager ReloadAssembly
Native extension for WindowsStandalone target not found
Native extension for OSXStandalone target not found
Refreshing native plugins compatible for Editor in 0.42 ms, found 2 plugins.
Preloading 0 native plugins for Editor in 0.00 ms.
Invoked RoslynAnalysisRunner static constructor.
RoslynAnalysisRunner will not be running.
RoslynAnalysisRunner has terminated.
Mono: successfully reloaded assembly
- Completed reload, in  1.129 seconds
Platform modules already initialized, skipping
Refreshing native plugins compatible for Editor in 0.42 ms, found 2 plugins.
Preloading 0 native plugins for Editor in 0.00 ms.
Unloading 1931 Unused Serialized files (Serialized files now loaded: 0)
System memory in use before: 167.8 MB.
System memory in use after: 167.8 MB.

Unloading 12 unused Assets to reduce memory usage. Loaded Objects now: 2430.
Total: 3.947772 ms (FindLiveObjects: 0.419701 ms CreateObjectMapping: 0.139707 ms MarkObjects: 3.235450 ms  DeleteObjects: 0.150903 ms)

========================================================================
Received Import Request.
  Time since last request: 12.560834 seconds.
  path: Assets/Scripts/A/Standard/Math.cs
  artifactKey: Guid(c57ab9e883eab415cac981a295e23112) Importer(815301076,1909f56bfc062723c751e8b465ee728b)
Start importing Assets/Scripts/A/Standard/Math.cs using Guid(c57ab9e883eab415cac981a295e23112) Importer(815301076,1909f56bfc062723c751e8b465ee728b)  -> (artifact id: '50719d3c8cf250e255228f6e1d24f40b') in 0.015789 seconds
  Import took 0.019799 seconds .

========================================================================
Received Prepare
Registering precompiled user dll's ...
Registered in 0.000567 seconds.
Begin MonoManager ReloadAssembly
Native extension for WindowsStandalone target not found
Native extension for OSXStandalone target not found
Refreshing native plugins compatible for Editor in 0.43 ms, found 2 plugins.
Preloading 0 native plugins for Editor in 0.00 ms.
Invoked RoslynAnalysisRunner static constructor.
RoslynAnalysisRunner will not be running.
RoslynAnalysisRunner has terminated.
Mono: successfully reloaded assembly
- Completed reload, in  1.191 seconds
Platform modules already initialized, skipping
Refreshing native plugins compatible for Editor in 0.43 ms, found 2 plugins.
Preloading 0 native plugins for Editor in 0.00 ms.
Unloading 1931 Unused Serialized files (Serialized files now loaded: 0)
System memory in use before: 167.3 MB.
System memory in use after: 167.3 MB.

Unloading 12 unused Assets to reduce memory usage. Loaded Objects now: 2433.
Total: 3.674717 ms (FindLiveObjects: 0.357218 ms CreateObjectMapping: 0.121280 ms MarkObjects: 3.050286 ms  DeleteObjects: 0.144228 ms)

========================================================================
Received Prepare
Registering precompiled user dll's ...
Registered in 0.000675 seconds.
Begin MonoManager ReloadAssembly
Native extension for WindowsStandalone target not found
Native extension for OSXStandalone target not found
Refreshing native plugins compatible for Editor in 0.41 ms, found 2 plugins.
Preloading 0 native plugins for Editor in 0.00 ms.
Invoked RoslynAnalysisRunner static constructor.
RoslynAnalysisRunner will not be running.
RoslynAnalysisRunner has terminated.
Mono: successfully reloaded assembly
- Completed reload, in  1.081 seconds
Platform modules already initialized, skipping
Refreshing native plugins compatible for Editor in 0.38 ms, found 2 plugins.
Preloading 0 native plugins for Editor in 0.00 ms.
Unloading 1931 Unused Serialized files (Serialized files now loaded: 0)
System memory in use before: 167.7 MB.
System memory in use after: 167.6 MB.

Unloading 12 unused Assets to reduce memory usage. Loaded Objects now: 2436.
Total: 3.969118 ms (FindLiveObjects: 0.441245 ms CreateObjectMapping: 0.140893 ms MarkObjects: 3.234910 ms  DeleteObjects: 0.149968 ms)

========================================================================
Received Import Request.
  Time since last request: 308.172900 seconds.
  path: Assets/Scripts/A/Standard/Math.cs
  artifactKey: Guid(c57ab9e883eab415cac981a295e23112) Importer(815301076,1909f56bfc062723c751e8b465ee728b)
Start importing Assets/Scripts/A/Standard/Math.cs using Guid(c57ab9e883eab415cac981a295e23112) Importer(815301076,1909f56bfc062723c751e8b465ee728b)  -> (artifact id: '505ca721a16c74658f32ebdbbe4d17a3') in 0.013880 seconds
  Import took 0.017536 seconds .

========================================================================
Received Prepare
Registering precompiled user dll's ...
Registered in 0.000536 seconds.
Begin MonoManager ReloadAssembly
Native extension for WindowsStandalone target not found
Native extension for OSXStandalone target not found
Refreshing native plugins compatible for Editor in 0.53 ms, found 2 plugins.
Preloading 0 native plugins for Editor in 0.00 ms.
Invoked RoslynAnalysisRunner static constructor.
RoslynAnalysisRunner will not be running.
RoslynAnalysisRunner has terminated.
Mono: successfully reloaded assembly
- Completed reload, in  1.115 seconds
Platform modules already initialized, skipping
Refreshing native plugins compatible for Editor in 0.46 ms, found 2 plugins.
Preloading 0 native plugins for Editor in 0.00 ms.
Unloading 1931 Unused Serialized files (Serialized files now loaded: 0)
System memory in use before: 168.0 MB.
System memory in use after: 168.0 MB.

Unloading 12 unused Assets to reduce memory usage. Loaded Objects now: 2439.
Total: 4.560581 ms (FindLiveObjects: 0.435989 ms CreateObjectMapping: 0.246625 ms MarkObjects: 3.718851 ms  DeleteObjects: 0.157225 ms)

========================================================================
Received Import Request.
  Time since last request: 29.357973 seconds.
  path: Assets/Scripts/A/Standard/Math.cs
  artifactKey: Guid(c57ab9e883eab415cac981a295e23112) Importer(815301076,1909f56bfc062723c751e8b465ee728b)
Start importing Assets/Scripts/A/Standard/Math.cs using Guid(c57ab9e883eab415cac981a295e23112) Importer(815301076,1909f56bfc062723c751e8b465ee728b)  -> (artifact id: 'b08a2defd59a818f69b8d6b0f7491a17') in 0.015109 seconds
  Import took 0.020936 seconds .

========================================================================
Received Prepare
Registering precompiled user dll's ...
Registered in 0.000642 seconds.
Begin MonoManager ReloadAssembly
Native extension for WindowsStandalone target not found
Native extension for OSXStandalone target not found
Refreshing native plugins compatible for Editor in 0.42 ms, found 2 plugins.
Preloading 0 native plugins for Editor in 0.00 ms.
Invoked RoslynAnalysisRunner static constructor.
RoslynAnalysisRunner will not be running.
RoslynAnalysisRunner has terminated.
Mono: successfully reloaded assembly
- Completed reload, in  1.142 seconds
Platform modules already initialized, skipping
Refreshing native plugins compatible for Editor in 0.45 ms, found 2 plugins.
Preloading 0 native plugins for Editor in 0.00 ms.
Unloading 1931 Unused Serialized files (Serialized files now loaded: 0)
System memory in use before: 168.4 MB.
System memory in use after: 168.4 MB.

Unloading 12 unused Assets to reduce memory usage. Loaded Objects now: 2442.
Total: 4.108766 ms (FindLiveObjects: 0.469863 ms CreateObjectMapping: 0.141700 ms MarkObjects: 3.343699 ms  DeleteObjects: 0.150736 ms)

========================================================================
Received Import Request.
  Time since last request: 278.463009 seconds.
  path: Assets/Scripts/A/Standard/Math.cs
  artifactKey: Guid(c57ab9e883eab415cac981a295e23112) Importer(815301076,1909f56bfc062723c751e8b465ee728b)
Start importing Assets/Scripts/A/Standard/Math.cs using Guid(c57ab9e883eab415cac981a295e23112) Importer(815301076,1909f56bfc062723c751e8b465ee728b)  -> (artifact id: '8f590c39a0da9cb01591e06694911704') in 0.015139 seconds
  Import took 0.019297 seconds .

========================================================================
Received Prepare
Registering precompiled user dll's ...
Registered in 0.000567 seconds.
Begin MonoManager ReloadAssembly
Native extension for WindowsStandalone target not found
Native extension for OSXStandalone target not found
Refreshing native plugins compatible for Editor in 0.43 ms, found 2 plugins.
Preloading 0 native plugins for Editor in 0.00 ms.
Invoked RoslynAnalysisRunner static constructor.
RoslynAnalysisRunner will not be running.
RoslynAnalysisRunner has terminated.
Mono: successfully reloaded assembly
- Completed reload, in  1.145 seconds
Platform modules already initialized, skipping
Refreshing native plugins compatible for Editor in 0.34 ms, found 2 plugins.
Preloading 0 native plugins for Editor in 0.00 ms.
Unloading 1931 Unused Serialized files (Serialized files now loaded: 0)
System memory in use before: 168.8 MB.
System memory in use after: 168.8 MB.

Unloading 12 unused Assets to reduce memory usage. Loaded Objects now: 2445.
Total: 4.606246 ms (FindLiveObjects: 0.275097 ms CreateObjectMapping: 0.096793 ms MarkObjects: 3.921544 ms  DeleteObjects: 0.310597 ms)

========================================================================
Received Import Request.
  Time since last request: 281.915911 seconds.
  path: Assets/Scripts/A/Standard/Math.cs
  artifactKey: Guid(c57ab9e883eab415cac981a295e23112) Importer(815301076,1909f56bfc062723c751e8b465ee728b)
Start importing Assets/Scripts/A/Standard/Math.cs using Guid(c57ab9e883eab415cac981a295e23112) Importer(815301076,1909f56bfc062723c751e8b465ee728b)  -> (artifact id: '283b42328bfd7affc07d0e8c02c167e2') in 0.014620 seconds
  Import took 0.018517 seconds .

========================================================================
Received Prepare
Registering precompiled user dll's ...
Registered in 0.000692 seconds.
Begin MonoManager ReloadAssembly
Native extension for WindowsStandalone target not found
Native extension for OSXStandalone target not found
Refreshing native plugins compatible for Editor in 0.43 ms, found 2 plugins.
Preloading 0 native plugins for Editor in 0.00 ms.
Invoked RoslynAnalysisRunner static constructor.
RoslynAnalysisRunner will not be running.
RoslynAnalysisRunner has terminated.
Mono: successfully reloaded assembly
- Completed reload, in  1.123 seconds
Platform modules already initialized, skipping
Refreshing native plugins compatible for Editor in 0.34 ms, found 2 plugins.
Preloading 0 native plugins for Editor in 0.00 ms.
Unloading 1931 Unused Serialized files (Serialized files now loaded: 0)
System memory in use before: 169.0 MB.
System memory in use after: 169.0 MB.

Unloading 12 unused Assets to reduce memory usage. Loaded Objects now: 2448.
Total: 4.797013 ms (FindLiveObjects: 1.141517 ms CreateObjectMapping: 0.316670 ms MarkObjects: 3.212458 ms  DeleteObjects: 0.124740 ms)

========================================================================
Received Prepare
Registering precompiled user dll's ...
Registered in 0.000689 seconds.
Begin MonoManager ReloadAssembly
Native extension for WindowsStandalone target not found
Native extension for OSXStandalone target not found
Refreshing native plugins compatible for Editor in 0.40 ms, found 2 plugins.
Preloading 0 native plugins for Editor in 0.00 ms.
Invoked RoslynAnalysisRunner static constructor.
RoslynAnalysisRunner will not be running.
RoslynAnalysisRunner has terminated.
Mono: successfully reloaded assembly
- Completed reload, in  1.078 seconds
Platform modules already initialized, skipping
Refreshing native plugins compatible for Editor in 0.39 ms, found 2 plugins.
Preloading 0 native plugins for Editor in 0.00 ms.
Unloading 1931 Unused Serialized files (Serialized files now loaded: 0)
System memory in use before: 168.5 MB.
System memory in use after: 168.5 MB.

Unloading 12 unused Assets to reduce memory usage. Loaded Objects now: 2451.
Total: 3.029188 ms (FindLiveObjects: 0.340508 ms CreateObjectMapping: 0.157731 ms MarkObjects: 2.412058 ms  DeleteObjects: 0.117299 ms)

========================================================================
Received Prepare
Registering precompiled user dll's ...
Registered in 0.000714 seconds.
Begin MonoManager ReloadAssembly
Native extension for WindowsStandalone target not found
Native extension for OSXStandalone target not found
Refreshing native plugins compatible for Editor in 0.42 ms, found 2 plugins.
Preloading 0 native plugins for Editor in 0.00 ms.
Invoked RoslynAnalysisRunner static constructor.
RoslynAnalysisRunner will not be running.
RoslynAnalysisRunner has terminated.
Mono: successfully reloaded assembly
- Completed reload, in  1.079 seconds
Platform modules already initialized, skipping
Refreshing native plugins compatible for Editor in 0.41 ms, found 2 plugins.
Preloading 0 native plugins for Editor in 0.00 ms.
Unloading 1931 Unused Serialized files (Serialized files now loaded: 0)
System memory in use before: 168.9 MB.
System memory in use after: 168.9 MB.

Unloading 12 unused Assets to reduce memory usage. Loaded Objects now: 2454.
Total: 3.972832 ms (FindLiveObjects: 0.420219 ms CreateObjectMapping: 0.142808 ms MarkObjects: 3.259846 ms  DeleteObjects: 0.147182 ms)

========================================================================
Received Prepare
Registering precompiled user dll's ...
Registered in 0.000685 seconds.
Begin MonoManager ReloadAssembly
Native extension for WindowsStandalone target not found
Native extension for OSXStandalone target not found
Refreshing native plugins compatible for Editor in 0.42 ms, found 2 plugins.
Preloading 0 native plugins for Editor in 0.00 ms.
Invoked RoslynAnalysisRunner static constructor.
RoslynAnalysisRunner will not be running.
RoslynAnalysisRunner has terminated.
Mono: successfully reloaded assembly
- Completed reload, in  1.127 seconds
Platform modules already initialized, skipping
Refreshing native plugins compatible for Editor in 0.30 ms, found 2 plugins.
Preloading 0 native plugins for Editor in 0.00 ms.
Unloading 1931 Unused Serialized files (Serialized files now loaded: 0)
System memory in use before: 169.2 MB.
System memory in use after: 169.2 MB.

Unloading 12 unused Assets to reduce memory usage. Loaded Objects now: 2457.
Total: 4.478798 ms (FindLiveObjects: 0.449239 ms CreateObjectMapping: 0.220425 ms MarkObjects: 3.643460 ms  DeleteObjects: 0.163624 ms)

========================================================================
Received Import Request.
  Time since last request: 107.607856 seconds.
  path: Assets/Scripts/A/Standard/AMath.cs
  artifactKey: Guid(c57ab9e883eab415cac981a295e23112) Importer(815301076,1909f56bfc062723c751e8b465ee728b)
Start importing Assets/Scripts/A/Standard/AMath.cs using Guid(c57ab9e883eab415cac981a295e23112) Importer(815301076,1909f56bfc062723c751e8b465ee728b)  -> (artifact id: '356ec84c53b4f2a481c58711644b9820') in 0.008752 seconds
  Import took 0.014737 seconds .

========================================================================
Received Prepare
Registering precompiled user dll's ...
Registered in 0.000673 seconds.
Begin MonoManager ReloadAssembly
Native extension for WindowsStandalone target not found
Native extension for OSXStandalone target not found
Refreshing native plugins compatible for Editor in 0.46 ms, found 2 plugins.
Preloading 0 native plugins for Editor in 0.00 ms.
Invoked RoslynAnalysisRunner static constructor.
RoslynAnalysisRunner will not be running.
RoslynAnalysisRunner has terminated.
Mono: successfully reloaded assembly
- Completed reload, in  1.121 seconds
Platform modules already initialized, skipping
Refreshing native plugins compatible for Editor in 0.43 ms, found 2 plugins.
Preloading 0 native plugins for Editor in 0.00 ms.
Unloading 1931 Unused Serialized files (Serialized files now loaded: 0)
System memory in use before: 169.6 MB.
System memory in use after: 169.6 MB.

Unloading 12 unused Assets to reduce memory usage. Loaded Objects now: 2460.
Total: 3.509187 ms (FindLiveObjects: 0.533819 ms CreateObjectMapping: 0.169155 ms MarkObjects: 2.653987 ms  DeleteObjects: 0.150440 ms)

========================================================================
Received Prepare
Registering precompiled user dll's ...
Registered in 0.000553 seconds.
Begin MonoManager ReloadAssembly
Native extension for WindowsStandalone target not found
Native extension for OSXStandalone target not found
Refreshing native plugins compatible for Editor in 0.43 ms, found 2 plugins.
Preloading 0 native plugins for Editor in 0.00 ms.
Invoked RoslynAnalysisRunner static constructor.
RoslynAnalysisRunner will not be running.
RoslynAnalysisRunner has terminated.
Mono: successfully reloaded assembly
- Completed reload, in  1.252 seconds
Platform modules already initialized, skipping
Refreshing native plugins compatible for Editor in 0.43 ms, found 2 plugins.
Preloading 0 native plugins for Editor in 0.00 ms.
Unloading 1931 Unused Serialized files (Serialized files now loaded: 0)
System memory in use before: 170.0 MB.
System memory in use after: 170.0 MB.

Unloading 12 unused Assets to reduce memory usage. Loaded Objects now: 2463.
Total: 3.193309 ms (FindLiveObjects: 0.383458 ms CreateObjectMapping: 0.173813 ms MarkObjects: 2.485560 ms  DeleteObjects: 0.148919 ms)

========================================================================
Received Prepare
Registering precompiled user dll's ...
Registered in 0.000494 seconds.
Begin MonoManager ReloadAssembly
Native extension for WindowsStandalone target not found
Native extension for OSXStandalone target not found
Refreshing native plugins compatible for Editor in 0.43 ms, found 2 plugins.
Preloading 0 native plugins for Editor in 0.00 ms.
Invoked RoslynAnalysisRunner static constructor.
RoslynAnalysisRunner will not be running.
RoslynAnalysisRunner has terminated.
Mono: successfully reloaded assembly
- Completed reload, in  1.112 seconds
Platform modules already initialized, skipping
Refreshing native plugins compatible for Editor in 0.42 ms, found 2 plugins.
Preloading 0 native plugins for Editor in 0.00 ms.
Unloading 1931 Unused Serialized files (Serialized files now loaded: 0)
System memory in use before: 170.2 MB.
System memory in use after: 170.2 MB.

Unloading 12 unused Assets to reduce memory usage. Loaded Objects now: 2466.
Total: 4.130327 ms (FindLiveObjects: 0.428583 ms CreateObjectMapping: 0.199878 ms MarkObjects: 3.356255 ms  DeleteObjects: 0.143331 ms)

========================================================================
Received Import Request.
  Time since last request: 145.927512 seconds.
  path: Assets/Scripts/A/Minimap/AMiniMap.cs
  artifactKey: Guid(9d1478a02692a4e14944a8c71489a155) Importer(815301076,1909f56bfc062723c751e8b465ee728b)
Start importing Assets/Scripts/A/Minimap/AMiniMap.cs using Guid(9d1478a02692a4e14944a8c71489a155) Importer(815301076,1909f56bfc062723c751e8b465ee728b)  -> (artifact id: '7fa62564f215d0007fa197e1cf2fd90b') in 0.013656 seconds
  Import took 0.017420 seconds .

========================================================================
Received Import Request.
  Time since last request: 28.324055 seconds.
  path: Assets/Scripts/A/Inventory
  artifactKey: Guid(9161a3dd8df1a41709c8b62386c2ba8f) Importer(815301076,1909f56bfc062723c751e8b465ee728b)
Start importing Assets/Scripts/A/Inventory using Guid(9161a3dd8df1a41709c8b62386c2ba8f) Importer(815301076,1909f56bfc062723c751e8b465ee728b)  -> (artifact id: '0a951df52d7181d6f9281c4f619e2cfc') in 0.002020 seconds
  Import took 0.006228 seconds .

========================================================================
Received Import Request.
  Time since last request: 7.043630 seconds.
  path: Assets/Scripts/A/Dialogue
  artifactKey: Guid(14f5f981b3a2e4d3f8546d08350aacb1) Importer(815301076,1909f56bfc062723c751e8b465ee728b)
Start importing Assets/Scripts/A/Dialogue using Guid(14f5f981b3a2e4d3f8546d08350aacb1) Importer(815301076,1909f56bfc062723c751e8b465ee728b)  -> (artifact id: 'dd356eae63ced29d17b136d0e4a09f49') in 0.002318 seconds
  Import took 0.006133 seconds .

========================================================================
Received Import Request.
  Time since last request: 11.666733 seconds.
  path: Assets/Scripts/A/BehaviourTree
  artifactKey: Guid(02ccff209c15c45cd9d85f44b9cc9940) Importer(815301076,1909f56bfc062723c751e8b465ee728b)
Start importing Assets/Scripts/A/BehaviourTree using Guid(02ccff209c15c45cd9d85f44b9cc9940) Importer(815301076,1909f56bfc062723c751e8b465ee728b)  -> (artifact id: '25a076a1a2ae9b99e754757acf3f876f') in 0.002155 seconds
  Import took 0.006180 seconds .

========================================================================
Received Import Request.
  Time since last request: 26.162832 seconds.
  path: Assets/Scripts/A/Interaction
  artifactKey: Guid(36cf79bb4c58c483dbb89204a99eedd0) Importer(815301076,1909f56bfc062723c751e8b465ee728b)
Start importing Assets/Scripts/A/Interaction using Guid(36cf79bb4c58c483dbb89204a99eedd0) Importer(815301076,1909f56bfc062723c751e8b465ee728b)  -> (artifact id: '63d57695718ee93a993939ad7f01c4d8') in 0.001966 seconds
  Import took 0.005846 seconds .

========================================================================
Received Import Request.
  Time since last request: 11.434882 seconds.
  path: Assets/Scripts/A/InGameEvents
  artifactKey: Guid(207221da2e8eb4fcc9d5e0299c404c2f) Importer(815301076,1909f56bfc062723c751e8b465ee728b)
Start importing Assets/Scripts/A/InGameEvents using Guid(207221da2e8eb4fcc9d5e0299c404c2f) Importer(815301076,1909f56bfc062723c751e8b465ee728b)  -> (artifact id: '32f97124634b124b05cc46c224f1e88a') in 0.002704 seconds
  Import took 0.006551 seconds .

